[ 2025-06-29 00:03:13,372] 1025 httpx - INFO - HTTP Request: GET https://dagshub.com/api/v1/user "HTTP/1.1 200 OK"
[ 2025-06-29 00:03:13,397] 107 dagshub - INFO - Accessing as Veneel77
[ 2025-06-29 00:03:13,807] 1025 httpx - INFO - HTTP Request: GET https://dagshub.com/api/v1/repos/Veneel77/NetworkSecurity "HTTP/1.1 200 OK"
[ 2025-06-29 00:03:14,188] 1025 httpx - INFO - HTTP Request: GET https://dagshub.com/api/v1/user "HTTP/1.1 200 OK"
[ 2025-06-29 00:03:14,198] 107 dagshub - INFO - Initialized MLflow to track repo "Veneel77/NetworkSecurity"
[ 2025-06-29 00:03:14,203] 107 dagshub - INFO - Repository Veneel77/NetworkSecurity initialized!
[ 2025-06-29 00:03:14,214] 19 root - INFO - Initiate the data ingestion
[ 2025-06-29 00:03:26,272] 66 root - INFO - Performed train test split on the dataframe
[ 2025-06-29 00:03:26,272] 68 root - INFO - Exited split_data_as_train_test method of Data_Ingestion class
[ 2025-06-29 00:03:26,273] 76 root - INFO - Exporting train and test file path.
[ 2025-06-29 00:03:26,445] 85 root - INFO - Exported train and test file path.
[ 2025-06-29 00:03:26,446] 21 root - INFO - Data initiation Completed
[ 2025-06-29 00:03:26,457] 25 root - INFO - Initiate the data validation
[ 2025-06-29 00:03:26,619] 31 root - INFO - Required number of columns:2
[ 2025-06-29 00:03:26,619] 32 root - INFO - Data frame has columns:31
[ 2025-06-29 00:03:26,619] 31 root - INFO - Required number of columns:2
[ 2025-06-29 00:03:26,619] 32 root - INFO - Data frame has columns:31
[ 2025-06-29 00:03:26,928] 27 root - INFO - data validation completed
[ 2025-06-29 00:03:26,929] 30 root - INFO - data transformation started
[ 2025-06-29 00:03:26,929] 64 root - INFO - Entered initiate_data_transformation method of DataTransformation class
[ 2025-06-29 00:03:26,930] 66 root - INFO - Starting data transformation
[ 2025-06-29 00:03:27,002] 49 root - INFO - Entered get_data_transformer_object method of transformation class
[ 2025-06-29 00:03:27,002] 54 root - INFO - Initialise KNNImputer with {'missing_values': nan, 'n_neighbors': 3, 'weights': 'uniform'}
[ 2025-06-29 00:03:27,037] 41 root - INFO - Entered the save_object method of MainUtils class
[ 2025-06-29 00:03:27,047] 45 root - INFO - Exited the save_object method of MainUtils class
[ 2025-06-29 00:03:27,047] 41 root - INFO - Entered the save_object method of MainUtils class
[ 2025-06-29 00:03:27,055] 45 root - INFO - Exited the save_object method of MainUtils class
[ 2025-06-29 00:03:27,059] 34 root - INFO - data transformation completed
[ 2025-06-29 00:03:27,059] 36 root - INFO - Model Training started
